<?xml version="1.0" encoding="UTF-8"?>
<!-- Generated by org.testng.reporters.JUnitReportReporter -->
<testsuite skipped="0" hostname="L-PB2KH29" name="com.wsa.qa.testcases.HomePage" tests="1" failures="0" timestamp="15 Mar 2018 23:29:31 GMT" time="0.060" errors="0">
  <testcase name="homePageHeadertest" time="0.060" classname="com.wsa.qa.testcases.HomePage"/>
</testsuite> <!-- com.wsa.qa.testcases.HomePage -->
