<?xml version="1.0" encoding="UTF-8"?>
<!-- Generated by org.testng.reporters.JUnitReportReporter -->
<testsuite skipped="0" hostname="L-PB2KH29" name="Handson_With_Sample.AssertionClassTest" tests="8" failures="0" timestamp="23 Apr 2018 01:18:39 GMT" time="0.064" errors="0">
  <testcase name="Hard_AssertEqualTest" time="0.020" classname="Handson_With_Sample.AssertionClassTest"/>
  <testcase name="Hard_AssertTrueAndFalseTest" time="0.005" classname="Handson_With_Sample.AssertionClassTest"/>
  <testcase name="Hard_AssertSameTest" time="0.001" classname="Handson_With_Sample.AssertionClassTest"/>
  <testcase name="Hard_AssertNotSameTest" time="0.010" classname="Handson_With_Sample.AssertionClassTest"/>
  <testcase name="Soft_AssertEqualTest" time="0.015" classname="Handson_With_Sample.AssertionClassTest"/>
  <testcase name="Soft_AssertTrueAndFalseTest" time="0.008" classname="Handson_With_Sample.AssertionClassTest"/>
  <testcase name="Soft_AssertSameTest" time="0.003" classname="Handson_With_Sample.AssertionClassTest"/>
  <testcase name="Soft_AssertNotSameTest" time="0.002" classname="Handson_With_Sample.AssertionClassTest"/>
</testsuite> <!-- Handson_With_Sample.AssertionClassTest -->
