<?xml version="1.0" encoding="UTF-8"?>
<!-- Generated by org.testng.reporters.JUnitReportReporter -->
<testsuite skipped="0" hostname="L-PB2KH29" name="com.wsa.qa.testcases.SiteChangeTest" tests="1" failures="0" timestamp="16 Mar 2018 17:03:58 GMT" time="19.808" errors="0">
  <testcase name="selectWBWSiteTest" time="19.808" classname="com.wsa.qa.testcases.SiteChangeTest"/>
</testsuite> <!-- com.wsa.qa.testcases.SiteChangeTest -->
