<?xml version="1.0" encoding="UTF-8"?>
<!-- Generated by org.testng.reporters.JUnitReportReporter -->
<testsuite skipped="0" hostname="L-PB2KH29" name="Handson_With_Sample.FileRead" tests="1" failures="0" timestamp="23 Apr 2018 01:16:10 GMT" time="0.062" errors="0">
  <testcase name="FileReadTest" time="0.062" classname="Handson_With_Sample.FileRead"/>
</testsuite> <!-- Handson_With_Sample.FileRead -->
