<?xml version="1.0" encoding="UTF-8"?>
<!-- Generated by org.testng.reporters.JUnitReportReporter -->
<testsuite skipped="0" hostname="L-PB2KH29" name="com.wsa.qa.testcases.WbwExpNewProp_TourLookupTest" tests="2" failures="0" timestamp="19 Mar 2018 02:22:32 GMT" time="2.383" errors="0">
  <testcase name="wbwTourLookUpTest" time="1.971" classname="com.wsa.qa.testcases.WbwExpNewProp_TourLookupTest"/>
  <testcase name="wbwMenuTest" time="0.412" classname="com.wsa.qa.testcases.WbwExpNewProp_TourLookupTest"/>
</testsuite> <!-- com.wsa.qa.testcases.WbwExpNewProp_TourLookupTest -->
