<?xml version="1.0" encoding="UTF-8"?>
<!-- Generated by org.testng.reporters.JUnitReportReporter -->
<testsuite skipped="0" hostname="L-PB2KH29" name="com.wsa.qa.testcases.LoginPageTest" tests="1" failures="0" timestamp="16 Mar 2018 03:57:52 GMT" time="1.086" errors="0">
  <testcase name="loginpageTest" time="1.086" classname="com.wsa.qa.testcases.LoginPageTest"/>
</testsuite> <!-- com.wsa.qa.testcases.LoginPageTest -->
