<?xml version="1.0" encoding="UTF-8"?>
<!-- Generated by org.testng.reporters.JUnitReportReporter -->
<testsuite skipped="0" hostname="L-PB2KH29" name="com.wsa.qa.testcases.NewProbAddNewOwnerPageTest" tests="10" failures="0" timestamp="24 Mar 2018 22:40:02 GMT" time="67.290" errors="0">
  <testcase name="enterCustInfoTest" time="8.906" classname="com.wsa.qa.testcases.NewProbAddNewOwnerPageTest"/>
  <testcase name="enterCustInfoTest" time="6.914" classname="com.wsa.qa.testcases.NewProbAddNewOwnerPageTest"/>
  <testcase name="enterCustInfoTest" time="6.131" classname="com.wsa.qa.testcases.NewProbAddNewOwnerPageTest"/>
  <testcase name="enterCustInfoTest" time="6.378" classname="com.wsa.qa.testcases.NewProbAddNewOwnerPageTest"/>
  <testcase name="enterCustInfoTest" time="5.868" classname="com.wsa.qa.testcases.NewProbAddNewOwnerPageTest"/>
  <testcase name="enterCustInfoTest" time="5.395" classname="com.wsa.qa.testcases.NewProbAddNewOwnerPageTest"/>
  <testcase name="enterCustInfoTest" time="8.073" classname="com.wsa.qa.testcases.NewProbAddNewOwnerPageTest"/>
  <testcase name="enterCustInfoTest" time="7.871" classname="com.wsa.qa.testcases.NewProbAddNewOwnerPageTest"/>
  <testcase name="enterCustInfoTest" time="6.180" classname="com.wsa.qa.testcases.NewProbAddNewOwnerPageTest"/>
  <testcase name="enterCustInfoTest" time="5.574" classname="com.wsa.qa.testcases.NewProbAddNewOwnerPageTest"/>
</testsuite> <!-- com.wsa.qa.testcases.NewProbAddNewOwnerPageTest -->
