<?xml version="1.0" encoding="UTF-8"?>
<!-- Generated by org.testng.reporters.JUnitReportReporter -->
<testsuite skipped="0" hostname="L-PB2KH29" name="com.wsa.qa.testcases.HomePageTest" tests="1" failures="0" timestamp="18 Mar 2018 19:29:37 GMT" time="3.104" errors="0">
  <testcase name="homePageHeadertest" time="3.104" classname="com.wsa.qa.testcases.HomePageTest"/>
</testsuite> <!-- com.wsa.qa.testcases.HomePageTest -->
