<?xml version="1.0" encoding="UTF-8"?>
<!-- Generated by org.testng.reporters.JUnitReportReporter -->
<testsuite skipped="0" hostname="L-PB2KH29" name="Handson_With_Sample.ReadDataFromFiles" tests="1" failures="0" timestamp="23 Apr 2018 18:06:28 GMT" time="0.020" errors="0">
  <testcase name="subtract" time="0.020" classname="Handson_With_Sample.ReadDataFromFiles"/>
</testsuite> <!-- Handson_With_Sample.ReadDataFromFiles -->
